2025-06-11T22:48:44.294769 - Reauthentication triggered for session AB0F87B9D505D137E006DF236548517B: Session timeout
2025-06-11T22:48:56.227214800 - Active verification methods: ip, freq, time
2025-06-11T22:56:15.867709300 - Reauthentication triggered for session 6F27073B67554C88232BB6EFA58F4D7F: Session timeout
2025-06-11T22:57:12.036712200 - Active verification methods: ip, freq, time
2025-06-11T22:58:08.301809900 - Reauthentication triggered for session F8F1EEDE14B366CC1E0FC54C51608E69: Session timeout
2025-06-11T22:58:30.341711500 - Active verification methods: ip, freq, time
2025-06-11T22:58:40.749794200 - Reauthentication triggered for session FF116691576087585155B5817077B3C5: Session timeout
2025-06-11T23:00:54.261357700 - Active verification methods: ip, freq, time
2025-06-11T23:00:54.262359400 - Time-Based Verification triggered with risk score: 4
2025-06-11T23:00:55.724413300 - Active verification methods: ip, freq, time
2025-06-11T23:00:55.725413800 - Time-Based Verification triggered with risk score: 4
2025-06-11T23:00:56.188274500 - Active verification methods: ip, freq, time
2025-06-11T23:00:56.188274500 - Time-Based Verification triggered with risk score: 4
2025-06-11T23:00:56.564356300 - Active verification methods: ip, freq, time
2025-06-11T23:00:56.564356300 - Time-Based Verification triggered with risk score: 4
2025-06-11T23:00:56.900676900 - Active verification methods: ip, freq, time
2025-06-11T23:00:56.900676900 - Time-Based Verification triggered with risk score: 4
2025-06-11T23:00:57.244418600 - Active verification methods: ip, freq, time
2025-06-11T23:00:57.244418600 - Time-Based Verification triggered with risk score: 4
2025-06-11T23:00:57.683727300 - Active verification methods: ip, freq, time
2025-06-11T23:00:57.684727100 - Time-Based Verification triggered with risk score: 4
2025-06-11T23:00:57.947728300 - Active verification methods: ip, freq, time
2025-06-11T23:00:57.948728500 - Time-Based Verification triggered with risk score: 4
2025-06-11T23:00:58.307561200 - Active verification methods: ip, freq, time
2025-06-11T23:00:58.308560300 - Time-Based Verification triggered with risk score: 4
2025-06-11T23:00:58.523725900 - Active verification methods: ip, freq, time
2025-06-11T23:00:58.523725900 - Time-Based Verification triggered with risk score: 4
2025-06-11T23:01:00.587241400 - Reauthentication triggered for session 8A6B67C8F668A55FB10E6C4FEE0084AB: Session timeout
2025-06-11T23:04:38.532374100 - Active verification methods: ip, time, freq
2025-06-11T23:04:38.533374 - Time-Based Verification triggered with risk score: 4
2025-06-11T23:04:40.803657600 - Active verification methods: ip, time, freq
2025-06-11T23:04:40.804659500 - Time-Based Verification triggered with risk score: 4
2025-06-11T23:06:05.146593900 - Active verification methods: ip, time, freq
2025-06-11T23:06:05.146593900 - Time-Based Verification triggered with risk score: 4
2025-06-11T23:06:30.521296300 - Reauthentication triggered for session 93234BA9746F077E6059D916C0E01E2A: IP or User-Agent anomaly detected
2025-06-11T23:07:40.607537500 - Active verification methods: ip, time, freq
2025-06-11T23:07:40.607537500 - Time-Based Verification triggered with risk score: 4
2025-06-11T23:08:10.106027700 - Reauthentication triggered for session 8ABB7DCBC05E125AC8DCFB7ACE5C0D26: IP or User-Agent anomaly detected
2025-06-11T23:12:58.012604900 - Reauthentication triggered for session 2880F56BD244D0E1108B9A610E9F2BCB: IP or User-Agent anomaly detected
2025-06-11T23:15:58.703548300 - Reauthentication triggered for session 21E192C36D9BCAEA6BCA17666E8A1015: IP or User-Agent anomaly detected
2025-06-11T23:22:23.600025100 - Reauthentication triggered for session 85CAF54F5333B1F379E6A823FA9E75B6: IP or User-Agent anomaly detected
2025-06-11T23:24:55.843186700 - Active verification methods: freq, ip, time
2025-06-11T23:24:55.844187200 - Time-Based Verification triggered with risk score: 4
2025-06-11T23:24:57.498035600 - Active verification methods: freq, ip, time
2025-06-11T23:24:57.498035600 - Time-Based Verification triggered with risk score: 4
2025-06-11T23:24:58.194524400 - Active verification methods: freq, ip, time
2025-06-11T23:24:58.194524400 - Time-Based Verification triggered with risk score: 4
2025-06-11T23:24:58.602034700 - Active verification methods: freq, ip, time
2025-06-11T23:24:58.602034700 - Time-Based Verification triggered with risk score: 4
2025-06-11T23:24:58.881506800 - Active verification methods: freq, ip, time
2025-06-11T23:24:58.882508800 - Time-Based Verification triggered with risk score: 4
2025-06-11T23:24:59.065797500 - Active verification methods: freq, ip, time
2025-06-11T23:24:59.065797500 - Time-Based Verification triggered with risk score: 4
2025-06-11T23:24:59.250170 - Active verification methods: freq, ip, time
2025-06-11T23:24:59.250170 - Time-Based Verification triggered with risk score: 4
2025-06-11T23:24:59.433433 - Active verification methods: freq, ip, time
2025-06-11T23:24:59.434434500 - Time-Based Verification triggered with risk score: 4
2025-06-11T23:24:59.594034600 - Active verification methods: freq, ip, time
2025-06-11T23:24:59.594034600 - Time-Based Verification triggered with risk score: 4
2025-06-11T23:24:59.762033900 - Active verification methods: freq, ip, time
2025-06-11T23:24:59.762033900 - Time-Based Verification triggered with risk score: 4
2025-06-11T23:24:59.931035500 - Active verification methods: freq, ip, time
2025-06-11T23:24:59.931035500 - Frequency-Based Verification triggered with risk score: 3
2025-06-11T23:24:59.931035500 - Time-Based Verification triggered with risk score: 4
2025-06-11T23:24:59.932036400 - Reauthentication triggered for session 7971E7C6D4750C4979F0EF595F27100E: High risk score: 7
2025-06-11T23:35:05.353655900 - Active verification methods: freq, time, ip
2025-06-11T23:35:05.354656500 - Time-Based Verification triggered with risk score: 4
<<<<<<< HEAD
<<<<<<< HEAD
<<<<<<< HEAD
2025-06-13T00:44:37.234705200 - Reauthentication triggered for session 1D16B3FEBE85C37CD43E5E5ED765F495: High risk score: 7
2025-06-13T16:31:42.385123900 - Reauthentication triggered for session 7945F3ACB11D733A80052A7DA89012D3: Policy alert only triggered
2025-06-13T16:31:48.903801600 - Reauthentication triggered for session 7945F3ACB11D733A80052A7DA89012D3: Policy alert only triggered
2025-06-13T16:31:49.135009200 - Reauthentication triggered for session 7945F3ACB11D733A80052A7DA89012D3: Policy alert only triggered
2025-06-13T16:31:49.327425300 - Reauthentication triggered for session 7945F3ACB11D733A80052A7DA89012D3: Policy alert only triggered
2025-06-13T16:31:49.527564400 - Reauthentication triggered for session 7945F3ACB11D733A80052A7DA89012D3: Policy alert only triggered
2025-06-13T16:31:49.935492100 - Reauthentication triggered for session 7945F3ACB11D733A80052A7DA89012D3: Policy alert only triggered
2025-06-13T16:31:50.190833900 - Reauthentication triggered for session 7945F3ACB11D733A80052A7DA89012D3: Policy alert only triggered
2025-06-13T16:31:50.383369 - Reauthentication triggered for session 7945F3ACB11D733A80052A7DA89012D3: Policy alert only triggered
2025-06-13T16:31:50.599229900 - Reauthentication triggered for session 7945F3ACB11D733A80052A7DA89012D3: Policy alert only triggered
2025-06-13T16:31:50.783803 - Reauthentication triggered for session 7945F3ACB11D733A80052A7DA89012D3: Policy alert only triggered
2025-06-13T16:31:50.991802900 - Reauthentication triggered for session 7945F3ACB11D733A80052A7DA89012D3: Policy triggered reauthentication
2025-06-13T17:04:59.457811300 - Reauthentication triggered for session D241DA37AA88878FCD249A70283E5316: Policy alert only triggered
2025-06-13T17:05:00.073438200 - Reauthentication triggered for session D241DA37AA88878FCD249A70283E5316: Policy alert only triggered
2025-06-13T17:05:00.728694900 - Reauthentication triggered for session D241DA37AA88878FCD249A70283E5316: Policy alert only triggered
2025-06-13T17:05:01.345635400 - Reauthentication triggered for session D241DA37AA88878FCD249A70283E5316: Policy alert only triggered
2025-06-13T17:05:01.969170 - Reauthentication triggered for session D241DA37AA88878FCD249A70283E5316: Policy alert only triggered
2025-06-13T17:05:02.537239100 - Reauthentication triggered for session D241DA37AA88878FCD249A70283E5316: Policy alert only triggered
2025-06-13T17:05:03.129307 - Reauthentication triggered for session D241DA37AA88878FCD249A70283E5316: Policy alert only triggered
2025-06-13T17:05:03.720699500 - Reauthentication triggered for session D241DA37AA88878FCD249A70283E5316: Policy alert only triggered
2025-06-13T17:05:04.233386100 - Reauthentication triggered for session D241DA37AA88878FCD249A70283E5316: Policy alert only triggered
2025-06-13T17:05:04.721327500 - Reauthentication triggered for session D241DA37AA88878FCD249A70283E5316: Policy alert only triggered
2025-06-13T17:05:09.567311500 - Reauthentication triggered for session D241DA37AA88878FCD249A70283E5316: Policy alert only triggered
2025-06-13T17:05:10.083866100 - Reauthentication triggered for session D241DA37AA88878FCD249A70283E5316: Policy alert only triggered
2025-06-13T17:05:10.573674500 - Reauthentication triggered for session D241DA37AA88878FCD249A70283E5316: Policy alert only triggered
2025-06-13T17:05:11.031890100 - Reauthentication triggered for session D241DA37AA88878FCD249A70283E5316: Policy alert only triggered
2025-06-13T17:05:11.453666200 - Reauthentication triggered for session D241DA37AA88878FCD249A70283E5316: Policy alert only triggered
2025-06-13T17:05:11.878605700 - Reauthentication triggered for session D241DA37AA88878FCD249A70283E5316: Policy alert only triggered
2025-06-13T17:05:12.256240100 - Reauthentication triggered for session D241DA37AA88878FCD249A70283E5316: Policy alert only triggered
2025-06-13T17:05:12.670233500 - Reauthentication triggered for session D241DA37AA88878FCD249A70283E5316: Policy alert only triggered
2025-06-13T17:05:13.099594300 - Reauthentication triggered for session D241DA37AA88878FCD249A70283E5316: Policy alert only triggered
2025-06-13T17:05:13.448229800 - Reauthentication triggered for session D241DA37AA88878FCD249A70283E5316: Policy alert only triggered
2025-06-13T17:05:13.772639200 - Reauthentication triggered for session D241DA37AA88878FCD249A70283E5316: Policy alert only triggered
2025-06-13T17:05:14.096567200 - Reauthentication triggered for session D241DA37AA88878FCD249A70283E5316: Policy alert only triggered
2025-06-13T17:05:14.431640 - Reauthentication triggered for session D241DA37AA88878FCD249A70283E5316: Policy alert only triggered
2025-06-13T17:05:14.728396300 - Reauthentication triggered for session D241DA37AA88878FCD249A70283E5316: Policy alert only triggered
2025-06-13T17:05:15.005209100 - Reauthentication triggered for session D241DA37AA88878FCD249A70283E5316: Policy alert only triggered
2025-06-13T17:05:15.280241600 - Reauthentication triggered for session D241DA37AA88878FCD249A70283E5316: Policy alert only triggered
2025-06-13T17:05:15.556371100 - Reauthentication triggered for session D241DA37AA88878FCD249A70283E5316: Policy alert only triggered
2025-06-13T17:05:15.782317 - Reauthentication triggered for session D241DA37AA88878FCD249A70283E5316: Policy alert only triggered
2025-06-13T17:05:15.987616800 - Reauthentication triggered for session D241DA37AA88878FCD249A70283E5316: Policy alert only triggered
2025-06-13T17:05:16.176617 - Reauthentication triggered for session D241DA37AA88878FCD249A70283E5316: Policy alert only triggered
2025-06-13T17:05:16.405611700 - Reauthentication triggered for session D241DA37AA88878FCD249A70283E5316: Policy alert only triggered
2025-06-13T17:05:16.627186700 - Reauthentication triggered for session D241DA37AA88878FCD249A70283E5316: Policy alert only triggered
2025-06-13T17:05:16.804604100 - Reauthentication triggered for session D241DA37AA88878FCD249A70283E5316: Policy alert only triggered
2025-06-13T17:05:16.992621900 - Reauthentication triggered for session D241DA37AA88878FCD249A70283E5316: Policy alert only triggered
2025-06-13T17:05:17.945169700 - Reauthentication triggered for session D241DA37AA88878FCD249A70283E5316: Policy alert only triggered
2025-06-13T17:05:18.096586 - Reauthentication triggered for session D241DA37AA88878FCD249A70283E5316: Policy alert only triggered
2025-06-13T17:05:18.240477400 - Reauthentication triggered for session D241DA37AA88878FCD249A70283E5316: Policy alert only triggered
2025-06-13T17:05:18.400423800 - Reauthentication triggered for session D241DA37AA88878FCD249A70283E5316: Policy alert only triggered
2025-06-13T17:05:18.552577500 - Reauthentication triggered for session D241DA37AA88878FCD249A70283E5316: Policy alert only triggered
2025-06-13T17:05:18.696387900 - Reauthentication triggered for session D241DA37AA88878FCD249A70283E5316: Policy alert only triggered
2025-06-13T17:05:18.864678500 - Reauthentication triggered for session D241DA37AA88878FCD249A70283E5316: Policy alert only triggered
2025-06-13T17:05:19.024423 - Reauthentication triggered for session D241DA37AA88878FCD249A70283E5316: Policy alert only triggered
2025-06-13T17:05:19.184154100 - Reauthentication triggered for session D241DA37AA88878FCD249A70283E5316: Policy alert only triggered
2025-06-13T17:05:19.360579 - Reauthentication triggered for session D241DA37AA88878FCD249A70283E5316: Policy alert only triggered
2025-06-13T17:05:19.544158400 - Reauthentication triggered for session D241DA37AA88878FCD249A70283E5316: Policy alert only triggered
2025-06-13T17:05:19.699586900 - Reauthentication triggered for session D241DA37AA88878FCD249A70283E5316: Policy alert only triggered
2025-06-13T17:05:19.880291800 - Reauthentication triggered for session D241DA37AA88878FCD249A70283E5316: Policy alert only triggered
2025-06-13T17:05:20.056645800 - Reauthentication triggered for session D241DA37AA88878FCD249A70283E5316: Policy alert only triggered
2025-06-13T17:05:20.224409 - Reauthentication triggered for session D241DA37AA88878FCD249A70283E5316: Policy alert only triggered
2025-06-13T17:05:20.391802 - Reauthentication triggered for session D241DA37AA88878FCD249A70283E5316: Policy alert only triggered
2025-06-13T17:05:20.560569700 - Reauthentication triggered for session D241DA37AA88878FCD249A70283E5316: Policy alert only triggered
2025-06-13T17:05:20.721154900 - Reauthentication triggered for session D241DA37AA88878FCD249A70283E5316: Policy alert only triggered
2025-06-13T17:05:20.880524600 - Reauthentication triggered for session D241DA37AA88878FCD249A70283E5316: Policy alert only triggered
2025-06-13T17:05:21.056558600 - Reauthentication triggered for session D241DA37AA88878FCD249A70283E5316: Policy alert only triggered
2025-06-13T17:05:21.239430100 - Reauthentication triggered for session D241DA37AA88878FCD249A70283E5316: Policy alert only triggered
2025-06-13T17:05:21.409575700 - Reauthentication triggered for session D241DA37AA88878FCD249A70283E5316: Policy alert only triggered
2025-06-13T17:05:21.568570200 - Reauthentication triggered for session D241DA37AA88878FCD249A70283E5316: Policy alert only triggered
2025-06-13T17:05:21.728555100 - Reauthentication triggered for session D241DA37AA88878FCD249A70283E5316: Policy alert only triggered
2025-06-13T17:05:21.888717 - Reauthentication triggered for session D241DA37AA88878FCD249A70283E5316: Policy alert only triggered
2025-06-13T17:05:22.080513300 - Reauthentication triggered for session D241DA37AA88878FCD249A70283E5316: Policy alert only triggered
2025-06-13T17:05:22.248624100 - Reauthentication triggered for session D241DA37AA88878FCD249A70283E5316: Policy alert only triggered
2025-06-13T17:05:22.425412700 - Reauthentication triggered for session D241DA37AA88878FCD249A70283E5316: Policy alert only triggered
2025-06-13T17:05:22.592412600 - Reauthentication triggered for session D241DA37AA88878FCD249A70283E5316: Policy alert only triggered
2025-06-13T17:05:30.216417100 - Reauthentication triggered for session D241DA37AA88878FCD249A70283E5316: Policy alert only triggered
2025-06-13T17:05:30.929491700 - Reauthentication triggered for session D241DA37AA88878FCD249A70283E5316: Policy alert only triggered
2025-06-13T17:05:31.432417600 - Reauthentication triggered for session D241DA37AA88878FCD249A70283E5316: Policy alert only triggered
2025-06-13T17:05:33.391912 - Reauthentication triggered for session D241DA37AA88878FCD249A70283E5316: Policy alert only triggered
2025-06-13T17:05:33.832869600 - Reauthentication triggered for session D241DA37AA88878FCD249A70283E5316: Policy alert only triggered
2025-06-13T17:05:34.232467400 - Reauthentication triggered for session D241DA37AA88878FCD249A70283E5316: Policy alert only triggered
2025-06-13T17:05:34.648461300 - Reauthentication triggered for session D241DA37AA88878FCD249A70283E5316: Policy alert only triggered
2025-06-13T17:05:35.023983700 - Reauthentication triggered for session D241DA37AA88878FCD249A70283E5316: Policy alert only triggered
2025-06-13T17:05:48.016838200 - Reauthentication triggered for session D241DA37AA88878FCD249A70283E5316: Policy alert only triggered
2025-06-13T17:05:48.384256600 - Reauthentication triggered for session D241DA37AA88878FCD249A70283E5316: Policy alert only triggered
2025-06-13T17:05:48.545256700 - Reauthentication triggered for session D241DA37AA88878FCD249A70283E5316: Policy alert only triggered
2025-06-13T17:05:48.697247800 - Reauthentication triggered for session D241DA37AA88878FCD249A70283E5316: Policy alert only triggered
2025-06-13T17:05:48.849250700 - Reauthentication triggered for session D241DA37AA88878FCD249A70283E5316: Policy alert only triggered
2025-06-13T17:05:49.000536200 - Reauthentication triggered for session D241DA37AA88878FCD249A70283E5316: Policy alert only triggered
2025-06-13T17:05:49.153253200 - Reauthentication triggered for session D241DA37AA88878FCD249A70283E5316: Policy alert only triggered
2025-06-13T17:05:49.304822100 - Reauthentication triggered for session D241DA37AA88878FCD249A70283E5316: Policy alert only triggered
2025-06-13T17:05:49.456257100 - Reauthentication triggered for session D241DA37AA88878FCD249A70283E5316: Policy alert only triggered
2025-06-13T17:05:49.608829600 - Reauthentication triggered for session D241DA37AA88878FCD249A70283E5316: Policy alert only triggered
2025-06-13T17:05:49.768816700 - Reauthentication triggered for session D241DA37AA88878FCD249A70283E5316: Policy alert only triggered
2025-06-13T17:09:18.941547200 - Reauthentication triggered for session 33E7203E5ECFB0A10DFCB7EA0748FA6D: Policy alert only triggered
2025-06-13T17:09:19.096515900 - Reauthentication triggered for session 33E7203E5ECFB0A10DFCB7EA0748FA6D: Policy alert only triggered
2025-06-13T17:09:19.248519400 - Reauthentication triggered for session 33E7203E5ECFB0A10DFCB7EA0748FA6D: Policy alert only triggered
2025-06-13T17:09:19.400514300 - Reauthentication triggered for session 33E7203E5ECFB0A10DFCB7EA0748FA6D: Policy alert only triggered
2025-06-13T17:09:19.561516400 - Reauthentication triggered for session 33E7203E5ECFB0A10DFCB7EA0748FA6D: Policy alert only triggered
2025-06-13T17:09:19.728548900 - Reauthentication triggered for session 33E7203E5ECFB0A10DFCB7EA0748FA6D: Policy alert only triggered
2025-06-13T17:09:19.872510700 - Reauthentication triggered for session 33E7203E5ECFB0A10DFCB7EA0748FA6D: Policy alert only triggered
2025-06-13T17:09:20.019484400 - Reauthentication triggered for session 33E7203E5ECFB0A10DFCB7EA0748FA6D: Policy alert only triggered
2025-06-13T17:09:20.177507900 - Reauthentication triggered for session 33E7203E5ECFB0A10DFCB7EA0748FA6D: Policy alert only triggered
2025-06-13T17:09:20.336507800 - Reauthentication triggered for session 33E7203E5ECFB0A10DFCB7EA0748FA6D: Policy alert only triggered
2025-06-13T17:09:20.496840800 - Reauthentication triggered for session 33E7203E5ECFB0A10DFCB7EA0748FA6D: Policy alert only triggered
2025-06-13T17:09:20.672502200 - Reauthentication triggered for session 33E7203E5ECFB0A10DFCB7EA0748FA6D: Policy alert only triggered
2025-06-13T17:09:20.824930600 - Reauthentication triggered for session 33E7203E5ECFB0A10DFCB7EA0748FA6D: Policy alert only triggered
2025-06-13T17:09:20.969506700 - Reauthentication triggered for session 33E7203E5ECFB0A10DFCB7EA0748FA6D: Policy alert only triggered
2025-06-13T17:09:21.242609100 - Reauthentication triggered for session 33E7203E5ECFB0A10DFCB7EA0748FA6D: Policy alert only triggered
2025-06-13T17:09:21.441549400 - Reauthentication triggered for session 33E7203E5ECFB0A10DFCB7EA0748FA6D: Policy alert only triggered
2025-06-13T17:09:21.600694500 - Reauthentication triggered for session 33E7203E5ECFB0A10DFCB7EA0748FA6D: Policy alert only triggered
=======
>>>>>>> parent of 3aec348 (Track Time for Each Continuous Verification Method)
=======
>>>>>>> parent of 3aec348 (Track Time for Each Continuous Verification Method)
=======
>>>>>>> parent of 3aec348 (Track Time for Each Continuous Verification Method)
2025-06-13T17:23:43.600743300 - Active verification methods: ip, time, freq
2025-06-13T17:23:46.017149400 - Active verification methods: ip, time, freq
2025-06-13T17:23:46.168949700 - Active verification methods: ip, time, freq
2025-06-13T17:23:46.313784400 - Active verification methods: ip, time, freq
2025-06-13T17:23:46.456811400 - Active verification methods: ip, time, freq
2025-06-13T17:23:46.593958300 - Active verification methods: ip, time, freq
2025-06-13T17:23:46.745294200 - Active verification methods: ip, time, freq
2025-06-13T17:23:46.881344900 - Active verification methods: ip, time, freq
2025-06-13T17:23:47.025293800 - Active verification methods: ip, time, freq
2025-06-13T17:23:47.169567300 - Active verification methods: ip, time, freq
2025-06-13T17:23:47.321117300 - Active verification methods: ip, time, freq
2025-06-13T17:23:47.321117300 - Frequency-Based Verification triggered with risk score: 3
2025-06-13T17:23:47.474106500 - Active verification methods: ip, time, freq
2025-06-13T17:23:47.474106500 - Frequency-Based Verification triggered with risk score: 3
2025-06-13T17:23:47.608818900 - Active verification methods: ip, time, freq
2025-06-13T17:23:47.609820500 - Frequency-Based Verification triggered with risk score: 3
2025-06-13T17:23:47.769287400 - Active verification methods: ip, time, freq
2025-06-13T17:23:47.769287400 - Frequency-Based Verification triggered with risk score: 3
2025-06-13T17:23:47.928831700 - Active verification methods: ip, time, freq
2025-06-13T17:23:47.929832900 - Frequency-Based Verification triggered with risk score: 3
2025-06-13T17:23:48.089826200 - Active verification methods: ip, time, freq
2025-06-13T17:23:48.090528600 - Frequency-Based Verification triggered with risk score: 3
2025-06-13T17:23:48.241113400 - Active verification methods: ip, time, freq
2025-06-13T17:23:48.242109100 - Frequency-Based Verification triggered with risk score: 3
2025-06-13T17:23:48.393114700 - Active verification methods: ip, time, freq
2025-06-13T17:23:48.394115400 - Frequency-Based Verification triggered with risk score: 3
2025-06-13T17:23:48.569800700 - Active verification methods: ip, time, freq
2025-06-13T17:23:48.569800700 - Frequency-Based Verification triggered with risk score: 3
2025-06-13T17:23:48.721814800 - Active verification methods: ip, time, freq
2025-06-13T17:23:48.721814800 - Frequency-Based Verification triggered with risk score: 3
2025-06-13T17:23:48.881782500 - Active verification methods: ip, time, freq
2025-06-13T17:23:48.881782500 - Frequency-Based Verification triggered with risk score: 3
2025-06-13T17:23:49.050053800 - Active verification methods: ip, time, freq
2025-06-13T17:23:49.050053800 - Frequency-Based Verification triggered with risk score: 3
2025-06-13T17:23:49.201141800 - Active verification methods: ip, time, freq
2025-06-13T17:23:49.201141800 - Frequency-Based Verification triggered with risk score: 3
2025-06-13T17:23:49.369134800 - Active verification methods: ip, time, freq
2025-06-13T17:23:49.369134800 - Frequency-Based Verification triggered with risk score: 3
2025-06-13T17:23:49.529300400 - Active verification methods: ip, time, freq
2025-06-13T17:23:49.530300700 - Frequency-Based Verification triggered with risk score: 3
2025-06-13T17:23:49.688496 - Active verification methods: ip, time, freq
2025-06-13T17:23:49.689489400 - Frequency-Based Verification triggered with risk score: 3
2025-06-13T17:23:49.881296500 - Active verification methods: ip, time, freq
2025-06-13T17:23:49.881296500 - Frequency-Based Verification triggered with risk score: 3
2025-06-13T17:23:50.049144200 - Active verification methods: ip, time, freq
2025-06-13T17:23:50.050143800 - Frequency-Based Verification triggered with risk score: 3
2025-06-13T17:23:50.217297400 - Active verification methods: ip, time, freq
2025-06-13T17:23:50.217297400 - Frequency-Based Verification triggered with risk score: 3
2025-06-13T17:23:50.376781500 - Active verification methods: ip, time, freq
2025-06-13T17:23:50.377782800 - Frequency-Based Verification triggered with risk score: 3
2025-06-13T17:23:50.545297700 - Active verification methods: ip, time, freq
2025-06-13T17:23:50.545297700 - Frequency-Based Verification triggered with risk score: 3
2025-06-13T17:23:50.705296200 - Active verification methods: ip, time, freq
2025-06-13T17:23:50.705296200 - Frequency-Based Verification triggered with risk score: 3
2025-06-13T17:23:50.873298300 - Active verification methods: ip, time, freq
2025-06-13T17:23:50.873298300 - Frequency-Based Verification triggered with risk score: 3
2025-06-13T17:23:51.041297300 - Active verification methods: ip, time, freq
2025-06-13T17:23:51.041297300 - Frequency-Based Verification triggered with risk score: 3
2025-06-13T17:23:51.201297500 - Active verification methods: ip, time, freq
2025-06-13T17:23:51.201297500 - Frequency-Based Verification triggered with risk score: 3
2025-06-13T17:23:51.345297300 - Active verification methods: ip, time, freq
2025-06-13T17:23:51.345297300 - Frequency-Based Verification triggered with risk score: 3
2025-06-13T17:23:51.520297300 - Active verification methods: ip, time, freq
2025-06-13T17:23:51.520297300 - Frequency-Based Verification triggered with risk score: 3
2025-06-13T17:23:51.689297800 - Active verification methods: ip, time, freq
2025-06-13T17:23:51.689297800 - Frequency-Based Verification triggered with risk score: 3
2025-06-13T17:23:51.849921600 - Active verification methods: ip, time, freq
2025-06-13T17:23:51.849921600 - Frequency-Based Verification triggered with risk score: 3
2025-06-13T17:23:52.041298700 - Active verification methods: ip, time, freq
2025-06-13T17:23:52.041298700 - Frequency-Based Verification triggered with risk score: 3
2025-06-13T17:23:52.209298300 - Active verification methods: ip, time, freq
2025-06-13T17:23:52.209298300 - Frequency-Based Verification triggered with risk score: 3
2025-06-13T17:23:52.361298700 - Active verification methods: ip, time, freq
2025-06-13T17:23:52.361298700 - Frequency-Based Verification triggered with risk score: 3
2025-06-13T17:23:52.528967 - Active verification methods: ip, time, freq
2025-06-13T17:23:52.528967 - Frequency-Based Verification triggered with risk score: 3
2025-06-13T17:23:52.696990800 - Active verification methods: ip, time, freq
2025-06-13T17:23:52.696990800 - Frequency-Based Verification triggered with risk score: 3
2025-06-13T17:23:52.857256300 - Active verification methods: ip, time, freq
2025-06-13T17:23:52.857256300 - Frequency-Based Verification triggered with risk score: 3
2025-06-13T17:23:53.025299300 - Active verification methods: ip, time, freq
2025-06-13T17:23:53.025299300 - Frequency-Based Verification triggered with risk score: 3
2025-06-13T17:23:53.184756200 - Active verification methods: ip, time, freq
2025-06-13T17:23:53.184756200 - Frequency-Based Verification triggered with risk score: 3
2025-06-13T17:23:53.345299100 - Active verification methods: ip, time, freq
2025-06-13T17:23:53.345299100 - Frequency-Based Verification triggered with risk score: 3
2025-06-13T17:23:53.496597100 - Active verification methods: ip, time, freq
2025-06-13T17:23:53.497598100 - Frequency-Based Verification triggered with risk score: 3
2025-06-13T17:23:53.609300100 - Active verification methods: ip, time, freq
2025-06-13T17:23:53.609300100 - Frequency-Based Verification triggered with risk score: 3
2025-06-13T17:29:52.066267800 - Active verification methods: ip, time, freq
2025-06-13T17:29:52.233545300 - Active verification methods: ip, time, freq
2025-06-13T17:29:52.437344200 - Active verification methods: ip, time, freq
2025-06-13T17:29:52.609240200 - Active verification methods: ip, time, freq
2025-06-13T17:29:52.801395800 - Active verification methods: ip, time, freq
2025-06-13T17:29:52.969231800 - Active verification methods: ip, time, freq
2025-06-13T17:29:53.137229700 - Active verification methods: ip, time, freq
2025-06-13T17:29:53.305233300 - Active verification methods: ip, time, freq
2025-06-13T17:29:53.457224200 - Active verification methods: ip, time, freq
2025-06-13T17:29:53.621240300 - Active verification methods: ip, time, freq
2025-06-13T17:29:53.761231300 - Active verification methods: ip, time, freq
2025-06-13T17:29:53.762233400 - Frequency-Based Verification triggered with risk score: 3
2025-06-13T17:29:54.041680200 - Active verification methods: ip, time, freq
2025-06-13T17:29:54.041680200 - Frequency-Based Verification triggered with risk score: 3
2025-06-13T17:29:54.178090400 - Active verification methods: ip, time, freq
2025-06-13T17:29:54.178090400 - Frequency-Based Verification triggered with risk score: 3
2025-06-13T17:29:54.369499 - Active verification methods: ip, time, freq
2025-06-13T17:29:54.369499 - Frequency-Based Verification triggered with risk score: 3
2025-06-13T17:29:54.539236100 - Active verification methods: ip, time, freq
2025-06-13T17:29:54.540236100 - Frequency-Based Verification triggered with risk score: 3
2025-06-13T17:29:54.697091100 - Active verification methods: ip, time, freq
2025-06-13T17:29:54.698092 - Frequency-Based Verification triggered with risk score: 3
2025-06-13T17:29:54.858091400 - Active verification methods: ip, time, freq
2025-06-13T17:29:54.858091400 - Frequency-Based Verification triggered with risk score: 3
2025-06-13T17:29:55.017570600 - Active verification methods: ip, time, freq
2025-06-13T17:29:55.017570600 - Frequency-Based Verification triggered with risk score: 3
2025-06-13T17:29:55.185277300 - Active verification methods: ip, time, freq
2025-06-13T17:29:55.186278300 - Frequency-Based Verification triggered with risk score: 3
2025-06-13T17:29:55.346040800 - Active verification methods: ip, time, freq
2025-06-13T17:29:55.346040800 - Frequency-Based Verification triggered with risk score: 3
2025-06-13T17:29:55.513616600 - Active verification methods: ip, time, freq
2025-06-13T17:29:55.514616400 - Frequency-Based Verification triggered with risk score: 3
2025-06-13T17:29:55.673762200 - Active verification methods: ip, time, freq
2025-06-13T17:29:55.673762200 - Frequency-Based Verification triggered with risk score: 3
2025-06-13T17:29:55.850697600 - Active verification methods: ip, time, freq
2025-06-13T17:29:55.851698700 - Frequency-Based Verification triggered with risk score: 3
2025-06-13T17:29:56.012579200 - Active verification methods: ip, time, freq
2025-06-13T17:29:56.012579200 - Frequency-Based Verification triggered with risk score: 3
